Players: 5    Cards: 128
P0	P1	P2	P3	P4	
6:111<*	4:117<	7:121<		7:104>	
8:96>	2:94>	8:86>*	1:85<		
		3:82>X	2:80>*	7:73<X	
1:58>	6:59<X		8:65<*		
3:50>			5:53<*		
#47#			3:47<X		


Players: 8    Cards: 86
P0	P1	P2	P3	P4	P5	P6	P7	
	8:78>	6:72>*	1:71<					
		5:66>*	1:65<					
1:21<	3:52>X	5:60>X	5:55<X	8:44>	8:36>	6:30>*	8:22>X	
					1:14>X	6:15<*		
7:1<						6:8>*		
						1:0#		


Players: 3    Cards: 109
P0	P1	P2	
1:104>X	4:105<*		
	1:103<*	8:95<	
	5:90>X	#90#X	


Players: 6    Cards: 23
P0	P1	P2	P3	P4	P5	
		5:18>	8:10>	6:4>X	4:0#	
