Players: 8    Cards: 145
P0	P1	P2	P3	P4	P5	P6	P7	
4:136>X	2:134>	4:130>*	5:125<X				5:140>X	
	6:109<X	7:118>X		3:115<*		3:106>		
				5:101<*	4:89<	8:93<		
				3:86>*	1:85<			
				6:79<X	6:67<	6:73<*		
					7:56>	4:63<*		
					7:47<	2:54>*		
					3:36>	8:39<*		
					2:29<	5:31<*		
					5:17<	7:22>*		
					4:5<	8:9<*		
					#4#	1:4>X		


Players: 3    Cards: 120
P0	P1	P2	
3:117<X	7:103<X	7:110>*	
		#103#	


Players: 5    Cards: 148
P0	P1	P2	P3	P4	
2:137<*	4:139<	5:143<		7:130>	
7:123<X			3:114>	6:117<*	
			7:100>	7:107<*	
	8:82>X	4:78>	7:90>*	3:97<X	
		7:67<	4:74>*		
		2:61<	4:63<*		
		7:47<	7:54>*		
		1:44>X	2:45<*		
			#44#		


Players: 3    Cards: 193
P0	P1	P2	
3:190>*	3:187<X		
8:179<*		5:174>	
4:170>*		7:163<X	
#163#			


Players: 8    Cards: 109
P0	P1	P2	P3	P4	P5	P6	P7	
			1:98>	6:99<X	4:105<*			
8:65<	6:73<	8:79<	6:87<		5:93<*	8:55<	2:63<X	
7:26>	6:33<*	6:39<X	4:45<		6:49<X			
	8:18>		8:10>*			7:3<X		
			3:0#					


Players: 8    Cards: 153
P0	P1	P2	P3	P4	P5	P6	P7	
				7:146>	6:140>*	4:136>X	3:133<	
			3:122>X	2:125<*	6:127<			
				6:116>	6:110>*		3:107<X	
		5:88>		6:93<*	8:99<			
7:65<				8:80>*	8:72>X			
	1:52>	8:53<*		4:61<X				
	7:38>X	7:45<*						
1:36>		1:37<*						
7:21<		8:28>*						
5:15<X		1:20>*						
		#15#X						


Players: 4    Cards: 27
P0	P1	P2	P3	
	3:14>	2:17<*	8:19<	
		6:8>	8:0#	


Players: 5    Cards: 122
P0	P1	P2	P3	P4	
3:116>	3:119<*				
	4:112>	6:106>*	5:101<		
6:83<*	6:89<X	6:95<		7:76>	
2:74>*		3:71<			
7:64>		4:60>*	4:56>X	1:55<	
4:45<		3:52>X		3:49<*	
#41#				4:41<X	


Players: 3    Cards: 85
P0	P1	P2	
5:76>	3:82>X	1:81<*	
1:70>		5:71<*	
#63#		7:63<X	


Players: 7    Cards: 53
P0	P1	P2	P3	P4	P5	P6	
	1:52>*	3:49<					
4:37<	8:41<				5:30>X	2:35<*	
		1:16>	6:17<*	4:23<		3:27<X	
6:0#			6:10>	4:6>X			


Players: 5    Cards: 151
P0	P1	P2	P3	P4	
3:136>	8:139<*	4:147<			
8:104>	8:128>*	4:124>	8:116>	4:112>	
3:100>	1:103<*				
5:88>	4:96>X	3:93<*			
2:72>		2:86>*	6:80>	6:74>X	
5:61<		2:70>*	4:66>X		
4:55<		2:59<*			
#53#		2:53<X			


Players: 10    Cards: 173
P0	P1	P2	P3	P4	P5	P6	P7	P8	P9	
							3:170>*	6:164>X	5:159<	
							3:156>*		3:153<	
							1:152>*		3:149<	
						1:140>	8:141<*			
8:126>*	5:121<						2:138>X		4:134>	
1:120>*	1:119<X									
1:118>		4:114>*	1:113<							
		5:108>	6:102>*	7:95<						
		7:86>	2:93<X	2:84>*	5:79<					
				1:78>	4:74>*	3:71<				
5:50>X		6:55<*		4:61<X	6:65<					
		3:47<X			3:32>X	6:35<*			6:41<	
						6:26>*			7:19<	
						6:13<*			2:11<	
						3:8>*			3:5<	
						1:4>X			#4#	


Players: 5    Cards: 11
P0	P1	P2	P3	P4	
	7:4>	4:0#			


Players: 2    Cards: 180
P0	P1	
3:177<X	#177#	


Players: 9    Cards: 12
P0	P1	P2	P3	P4	P5	P6	P7	P8	
				1:6>	5:7<*				
					6:0#				


Players: 2    Cards: 118
P0	P1	
6:112>*	5:107<	
6:101<*	3:98>	
7:91<*	7:84>	
3:81<*	4:77<	
6:71<*	1:70>	
3:67<X	#67#	


Players: 2    Cards: 139
P0	P1	
1:138>*	4:134>	
1:133<*	2:131<	
4:127<*	8:119<	
6:113<*	1:112>	
5:107<*	1:106>	
1:105<*	4:101<X	
#101#		


Players: 5    Cards: 43
P0	P1	P2	P3	P4	
5:28>	2:33<X	8:35<*			
		2:26>	2:24>*	3:21<	
4:8>*		3:5<	1:20>	8:12>X	
5:0#X					


Players: 9    Cards: 158
P0	P1	P2	P3	P4	P5	P6	P7	P8	
		3:154>	1:157<*						
			6:148>	2:146>	6:140>*	6:134>X	5:129<		
					7:122>*		3:119<		
				5:112>	2:117<*				
				1:104>X	7:105<*				
6:80>*	7:73<X				8:96>		4:92>	6:86>	
7:66>*		7:59<							
1:58>*		5:53<							
8:45<*		2:19<	6:21<		4:27<		8:31<	6:39<X	
7:12>*		7:5<							
3:2>X		2:0#							


Players: 2    Cards: 183
P0	P1	
3:180>*	8:172>X	
#172#		


Players: 6    Cards: 106
P0	P1	P2	P3	P4	P5	
6:94>X	8:86>*	5:81<			6:100>	
	1:80>	2:78>X	8:70>*	6:64>X	3:61<	
	5:51<		1:60>*		4:56>X	
	5:45<X		1:50>*			
			#45#X			


Players: 7    Cards: 144
P0	P1	P2	P3	P4	P5	P6	
				8:136>*	7:129<		
				1:128>*	7:121<		
			1:118>	2:119<*			
	3:98>	4:101<X	6:105<*	7:111<			
	7:88>X		3:95<*				
			2:86>*	5:81<			
			1:80>*	2:78>X	7:71<		
6:50>			7:64>*		6:58>	2:56>	
6:35<			6:44>X		3:41<*	8:27<X	
7:16>					4:23<*		
1:14>X					1:15<*		
					#14#		


Players: 6    Cards: 164
P0	P1	P2	P3	P4	P5	
			5:144>	8:149<*	7:157<	
				2:142>*	7:135<	
4:118>*	7:111<		3:128>	4:131<X	6:122>	
2:109<*					5:104>	
7:97<			5:90>X		2:95<*	
6:80>*	4:76>X	4:72>			4:86>X	
4:68>*		8:60>				
8:52>X		#52#				


Players: 4    Cards: 156
P0	P1	P2	P3	
8:146>	2:144>*	3:141<	2:154>	
6:133<	2:139<	5:126>	2:131<*	
8:116>	4:112>*	3:109<	2:124>	
2:96>	1:108>*	2:106>	8:98>	
	6:90>*	6:84>X	7:77<	
7:66>	4:73<*			
6:52>	6:60>*		2:58>X	
8:42>X	2:50>*			
	#42#			


Players: 10    Cards: 193
P0	P1	P2	P3	P4	P5	P6	P7	P8	P9	
1:173<							7:186>	4:182>	8:174>*	
1:169<X									3:170>*	
								1:166>	2:167<*	
	1:163<								2:164>*	
								7:148>X	8:155<*	
				3:126>	2:129<*	6:131<	4:137<		7:141<	
					6:120>	2:118>X	8:110>*		5:105<X	
	5:99<			1:92>	6:93<*		1:104>X			
	1:89<X				2:90>*					
		5:70>X	4:75<*	6:79<X	4:85<					
			3:67<X		#67#					


Players: 3    Cards: 129
P0	P1	P2	
8:121<*		5:116>	
8:108>*	3:105<		
2:103<X	3:97<X	3:100>*	
		#97#	


Players: 9    Cards: 61
P0	P1	P2	P3	P4	P5	P6	P7	P8	
3:57<X								1:60>*	
	8:42>X	1:41<						7:50>*	
							7:30>	4:37<*	
		5:19<*					7:12>	6:24>X	
		6:6>	6:0#						


Players: 9    Cards: 66
P0	P1	P2	P3	P4	P5	P6	P7	P8	
			2:64>*	1:63<					
			1:62>*	1:61<					
			3:58>	6:52>	4:48>*	1:47<			
				5:38>	4:43<*				
					6:32>*	3:29<			
					5:24>	8:16>*	5:11<		
				3:0#	2:3<X	6:5<			


Players: 4    Cards: 27
P0	P1	P2	P3	
4:13<*	2:17<	8:19<	7:6>	
6:0#				


Players: 4    Cards: 122
P0	P1	P2	P3	
	8:114>*	3:111<		
2:101<	8:103<*	2:91<	8:93<	
7:77<	3:88>	2:86>	2:84>*	
7:69<			1:76>*	
7:48>X	2:55<*	6:57<	6:63<	
	2:46>	6:40>*	1:39<X	
	1:34>X	4:35<*		
		#34#		


Players: 3    Cards: 98
P0	P1	P2	
7:91<*		5:86>	
2:84>*	3:81<		
1:80>*	8:72>X	5:67<	
2:65<*		5:60>X	
#60#X			


Players: 10    Cards: 47
P0	P1	P2	P3	P4	P5	P6	P7	P8	P9	
				5:26>	4:31<X	8:35<*	4:43<			
						6:20>	6:14>X	4:10>*	3:7<X	
2:2>	2:0#							3:4>		


Players: 2    Cards: 44
P0	P1	
2:42>*	5:37<	
6:31<*	8:23<	
4:19<*	6:13<	
1:12>*	6:6>	
6:0#		


Players: 10    Cards: 68
P0	P1	P2	P3	P4	P5	P6	P7	P8	P9	
	8:60>*	5:55<X								
	3:52>X		6:46>*	5:41<						
			7:34>*	5:29<						
			5:24>*	1:23<						
2:19<			2:21<					3:10>	6:13<*	
6:2>			2:0#						2:8>X	


Players: 10    Cards: 53
P0	P1	P2	P3	P4	P5	P6	P7	P8	P9	
		1:52>	8:44>	8:36>*	7:29<					
		1:16>	6:17<*	6:23<						
			6:10>*	3:7<X						
			7:0#							


Players: 5    Cards: 30
P0	P1	P2	P3	P4	
8:17<X	4:25<*	1:29<X		5:12>	
	6:6>*		5:1<		
	1:0#				


Players: 7    Cards: 117
P0	P1	P2	P3	P4	P5	P6	
		7:94>	8:101<*	4:109<	2:113<X	2:115<	
		3:88>	3:91<*				
			2:86>	6:80>*		5:75<X	
4:68>*	3:65<			3:72>X			
2:63<X	1:55<		7:56>*				
	1:44>X	6:45<*	4:51<X				
		#44#					


Players: 3    Cards: 188
P0	P1	P2	
5:183<	7:174>	2:181<*	
7:165<		2:172>*	
5:155<X	#155#X	5:160>X	


Players: 8    Cards: 88
P0	P1	P2	P3	P4	P5	P6	P7	
8:80>*	1:79<X							
1:78>		6:72>	6:66>*	3:63<				
4:51<X		2:55<*	6:57<				1:50>	
		4:46>X	8:38>	8:30>*	7:23<X			
			6:15<	2:21<*		4:5<	6:9<X	
				5:0#X				


Players: 10    Cards: 30
P0	P1	P2	P3	P4	P5	P6	P7	P8	P9	
1:20>	8:21<*	1:29<X								
4:11<X	5:15<X		5:3<						3:8>*	
								1:0#	2:1<	


Players: 6    Cards: 177
P0	P1	P2	P3	P4	P5	
	1:156>	6:157<*	2:163<X	8:165<	4:173<	
	5:148>	3:153<*				
		8:140>*		1:139<X		
6:121<	4:127<	8:131<*			4:117<	
2:102>*	3:99<	7:110>			6:104>X	
8:91<	1:86>	4:87<*				
5:77<		4:82>*				
8:66>*	7:59<	3:74>				
1:58>*	3:55<					
6:49<X	8:36>	5:44>*				
	8:23<	5:31<*				
	4:11<X	8:15<*				
		#11#				


Players: 10    Cards: 71
P0	P1	P2	P3	P4	P5	P6	P7	P8	P9	
2:69<*									7:62>	
4:58>*	3:55<									
3:52>X	1:51<					7:28>X	2:35<*	6:37<	8:43<	
		3:2>X	6:5<*	8:11<	4:19<		5:23<			
			2:0#							


Players: 7    Cards: 195
P0	P1	P2	P3	P4	P5	P6	
5:190>X	7:183<X	4:176>X	8:168>*	7:161<		3:180>	
			1:160>*	2:158>X	3:155<		
			2:153<X		1:145<	7:146>*	
					#142#	3:142>X	


Players: 6    Cards: 122
P0	P1	P2	P3	P4	P5	
	2:120>*	1:119<X				
	3:116>		8:108>	2:106>*	7:99<	
			3:88>	8:91<*		
			1:82>	5:83<*		
3:64>	8:67<X		2:75<*	5:77<		
			4:60>*	6:54>X	7:47<	
4:41<X			2:45<*		5:36>	
			3:33<*		5:28>	
			3:25<*		5:20>X	
			#20#X			


Players: 10    Cards: 150
P0	P1	P2	P3	P4	P5	P6	P7	P8	P9	
							3:140>	6:143<*	1:149<X	
4:134>	4:130>*	3:127<X						2:138>X		
4:115<*	8:119<					3:108>	4:111<X			
7:101<*						1:100>				
7:93<X					3:84>	6:87<*				
					7:76>	1:83<*				
	7:61<					8:68>*				
					7:48>X	6:55<*				
			7:34>	2:41<*		5:43<				
	3:24>		4:27<*	3:31<						
	8:0#		8:16>	2:14>		6:8>				


Players: 7    Cards: 115
P0	P1	P2	P3	P4	P5	P6	
3:106>	6:109<X	8:98>	6:92>	4:88>*	7:81<		
			7:70>	4:77<*			
1:55<				4:66>X	2:64>	8:56>*	
2:48>X		6:42>	2:40>*		5:35<X	5:50>X	
		#31#	4:31<X				


Players: 6    Cards: 199
P0	P1	P2	P3	P4	P5	
6:191<*	2:197<				1:190>	
1:189<X	4:180>*	2:178>X	7:171<		5:184>	
	2:169<		5:148>	8:153<*	8:161<	
				2:146>*	7:139<	
	3:124>		4:127<*	8:131<		
	5:114>		5:119<*			
	1:101<		2:112>	8:104>	2:102>*	
				7:90>	4:97<*	
	6:76>		4:72>*	1:71<	8:82>X	
	4:54>		7:64>*	6:58>		
			6:48>*	1:47<		
	2:39<		6:41<*	4:35<		
	2:23<X		7:28>X	3:25<*		
				#23#		


Players: 9    Cards: 76
P0	P1	P2	P3	P4	P5	P6	P7	P8	
6:70>*	3:67<X								
6:61<*								5:56>	
1:55<*								5:50>X	
6:44>X		1:43<				1:34>X	8:35<*		
		8:20>*	7:13<X				6:28>		
		8:5<*					3:2>X		
		2:0#							


Players: 3    Cards: 199
P0	P1	P2	
1:198>	6:192>*	7:185<	
7:165<	7:178>X	6:172>*	
#163#		2:163<X	


Players: 9    Cards: 120
P0	P1	P2	P3	P4	P5	P6	P7	P8	
						8:112>X	4:108>*	1:107<	
4:98>	2:96>	2:94>*	5:89<				3:104>	2:102>	
2:77<	6:79<X	4:85<			7:58>X		4:65<*	8:69<	
				3:48>			7:51<*		
							8:40>*	7:33<X	
2:30>		4:26>X	2:24>*	5:19<			1:32>		
			5:14>*	7:7<					
			7:0#						


Players: 9    Cards: 42
P0	P1	P2	P3	P4	P5	P6	P7	P8	
7:33<X								2:40>*	
							1:24>X	8:25<*	
						1:22>		1:23<*	
	7:7<							8:14>*	
						1:0#		6:1<	


Players: 2    Cards: 122
P0	P1	
1:117<	4:118>*	
1:111<	5:112>*	
4:106>X	1:110>*	
	#106#	


Players: 5    Cards: 121
P0	P1	P2	P3	P4	
		7:106>	6:113<*	2:119<	
			6:100>*	5:95<X	
3:85<*	4:79<	2:83<X	7:88>X		
4:75<*	8:67<X				
#67#					


Players: 3    Cards: 177
P0	P1	P2	
3:163<	3:174>	8:166>*	
7:155<		1:162>*	
3:144>	2:147<*	6:149<X	
8:134>	2:142>*		
2:128>X	4:130>*		
	#128#		


Players: 4    Cards: 114
P0	P1	P2	P3	
4:110>*	7:103<X			
8:95<*		2:87<	6:89<X	
2:85<*		4:81<X		
#81#				


Players: 7    Cards: 136
P0	P1	P2	P3	P4	P5	P6	
7:123<X						6:130>*	
					3:114>	6:117<*	
	3:105<					6:108>*	
			7:78>X	4:85<*	8:89<	8:97<X	
				4:74>*	3:71<		
	1:62>	6:63<*		2:69<			
	8:49<*	5:57<			5:44>		
	6:38>	6:32>		4:28>*	1:27<		
		1:18>		8:19<*			
	6:0#			4:14>	8:6>		


Players: 6    Cards: 62
P0	P1	P2	P3	P4	P5	
8:40>	4:36>X	4:32>	2:60>*	6:54>X	6:48>	
5:17<			8:24>		2:22>*	
			7:4>		6:11<*	
2:0#					2:2>	


Players: 4    Cards: 59
P0	P1	P2	P3	
8:51<*			7:44>	
6:38>*	1:37<			
1:36>	2:34>*	5:29<		
	7:22>*	1:21<		
4:0#	1:20>	8:12>X	8:4>	


Players: 10    Cards: 132
P0	P1	P2	P3	P4	P5	P6	P7	P8	P9	
							6:126>*	3:123<		
					7:104>	4:111<X	8:115<*			
							4:100>*	5:95<X		
5:85<X							3:92>X		2:90>*	
			1:66>	8:67<X	2:75<*				8:77<X	
		1:60>	4:61<X		1:65<*					
	6:48>*	8:40>			6:54>X					
	2:38>X	#38#								


Players: 2    Cards: 197
P0	P1	
4:193<*	6:187<	
8:179<*	6:173<	
4:169<*	2:167<	
8:159<*	6:153<	
3:150>*	4:146>X	
#146#		


Players: 7    Cards: 147
P0	P1	P2	P3	P4	P5	P6	
3:127<X			3:144>	8:136>	2:134>	4:130>*	
				1:112>	6:113<*	8:119<	
			5:98>	6:103<*	3:109<		
				6:92>*	7:85<		
				7:78>X	2:76>*	7:69<	
					3:66>*	3:63<	
					7:56>*	7:49<	
			7:38>X		4:45<*		
	4:27<	2:31<			5:33<*	4:23<	
		3:14>			6:17<*		
		3:4>			7:7<*		
					4:0#		


Players: 10    Cards: 47
P0	P1	P2	P3	P4	P5	P6	P7	P8	P9	
							7:40>*	5:35<X		
7:23<X						1:32>	2:33<X		2:30>*	
						3:18>			2:21<*	
	5:9<								4:14>*	
	6:0#								3:6>	


Players: 10    Cards: 106
P0	P1	P2	P3	P4	P5	P6	P7	P8	P9	
4:102>*	5:97<									
7:90>*	3:87<X									
6:81<*									7:74>	
8:66>*		1:65<								
7:58>X		4:54>	6:48>	2:46>*	7:39<					
				5:34>	6:28>*	7:21<				
					1:20>	2:18>X	4:14>*	1:13<		
							3:10>*	5:5<X		
							3:2>X		2:0#	


Players: 2    Cards: 59
P0	P1	
7:50>	2:57<*	
#44#	6:44>X	


Players: 9    Cards: 153
P0	P1	P2	P3	P4	P5	P6	P7	P8	
	1:142>	2:143<X	2:145<*	6:147<					
			6:136>	2:134>*	3:131<				
			1:126>	4:127<*					
			3:118>	5:121<*					
				8:110>*	3:107<X				
			7:94>	6:101<*					
	1:82>		6:83<*	5:89<					
			6:76>*	5:71<					
			5:66>	2:64>		2:62>*	5:57<		
5:42>	4:47<*		2:51<	2:53<X		2:55<			
6:29<X	7:35<						7:20>	2:27<*	
	4:8>		2:6>			2:4>	4:0#	8:12>X	


Players: 10    Cards: 188
P0	P1	P2	P3	P4	P5	P6	P7	P8	P9	
		7:180>	1:187<*							
	7:150>	5:170>X	5:175<X	6:164>X	7:157<*					
					4:146>X	6:140>*	7:133<X			
7:113<X						5:128>		6:122>	2:120>*	
								1:104>X	8:105<*	
	5:93<								6:98>*	
						3:86>			4:89<*	
	4:71<X					8:75<			3:83<*	
						1:67<			3:68>*	
						2:64>			1:66>*	
						7:53<X			4:60>*	
									#53#	


Players: 5    Cards: 142
P0	P1	P2	P3	P4	
		1:138>	3:139<*		
6:113<*	4:119<	8:123<	7:131<	3:110>	
4:106>X	2:104>*	3:101<			
	5:96>	4:92>*	5:87<		
	7:76>	4:83<*			
	5:66>	5:71<*			
		2:64>*	5:59<		
	1:54>X	4:55<*			
		2:52>*	7:45<		
		7:38>X	6:32>*	3:29<	
			5:24>*	4:20>	
			8:12>X	#12#	


Players: 5    Cards: 33
P0	P1	P2	P3	P4	
5:25<X				3:30>*	
	5:0#X	8:5<	8:13<	4:21<X	


Players: 5    Cards: 194
P0	P1	P2	P3	P4	
3:191<*				5:186>	
1:185<		7:170>	6:177<*	2:183<X	
1:167<*		3:164>	2:168>X		
3:161<*		3:158>			
8:150>*	8:142>X	5:137<			
5:132>*		5:127<			
4:123<*		3:120>			
8:112>X		#112#			


Players: 7    Cards: 89
P0	P1	P2	P3	P4	P5	P6	
				7:82>*	1:81<		
			1:76>	4:77<*			
		1:68>	2:69<*	5:71<			
			6:62>	6:56>*	5:51<		
				3:48>*	3:45<		
				3:42>X	6:36>*	5:31<	
			1:22>		8:23<*		
7:3<X					4:18>	8:10>*	
						3:0#	


Players: 5    Cards: 25
P0	P1	P2	P3	P4	
2:16>*	4:12>	2:10>	8:2>X	7:18>X	
2:0#					


Players: 9    Cards: 175
P0	P1	P2	P3	P4	P5	P6	P7	P8	
8:167<X	4:158>	6:152>	4:148>*	5:143<				5:162>	
			3:140>	4:136>X	8:128>*	7:121<			
					1:120>*	7:113<X			
					7:106>		2:104>*	3:101<	
	5:85<X						5:96>	6:90>*	
					5:70>X		6:75<*	4:81<X	
		1:67<*	1:66>				2:68>X		
		6:60>*	5:55<X						
		#55#X							


Players: 2    Cards: 167
P0	P1	
8:159<*	5:154>	
1:153<*	2:151<	
6:145<*	2:143<X	
#143#		


Players: 6    Cards: 172
P0	P1	P2	P3	P4	P5	
				6:166>*	5:161<	
2:150>	2:148>X	4:144>*	3:141<	5:156>	4:152>	
3:134>		4:137<*				
4:127<*		3:131<			5:122>	
6:116>*		6:110>	6:104>X	2:102>	6:96>	
8:88>*		4:84>		4:80>	2:78>X	
3:75<*		2:71<		2:73<X		
7:64>*		5:59<				
1:58>*		7:51<				
4:47<*		2:45<				
6:39<X		#39#				


Players: 9    Cards: 20
P0	P1	P2	P3	P4	P5	P6	P7	P8	
				7:6>	6:14>X	1:13<*			
				1:0#		5:1<			


Players: 4    Cards: 129
P0	P1	P2	P3	
	7:122>	6:116>*	1:115<	
7:101<		3:112>X	4:108>*	
2:98>X	1:97<		1:100>*	
	8:85<		4:93<*	
	#77#		8:77<X	


Players: 3    Cards: 79
P0	P1	P2	
5:74>*	6:68>	8:60>	
6:54>X	6:48>*	6:42>	
	3:39<*	8:31<	
	4:27<*	8:19<	
	5:14>*	5:9<	
	8:1<	1:0#	


Players: 5    Cards: 197
P0	P1	P2	P3	P4	
8:184>	6:178>*	1:177<		5:192>	
	5:172>	8:164>*	1:163<		
	7:150>	6:157<*			
	5:138>*	7:143<X	3:135<		
	3:132>X		8:124>*	3:121<	
5:109<			1:120>*	6:114>X	
8:99<			2:107<*		
2:91<			6:93<*		
4:80>			7:84>*		
#73#			7:73<X		


Players: 10    Cards: 70
P0	P1	P2	P3	P4	P5	P6	P7	P8	P9	
			3:64>*	3:67<X	5:59<					
			5:54>		8:46>	6:40>	2:38>X	4:34>*	7:27<	
								3:24>*	5:19<	
								7:12>*	1:11<	
					3:0#	2:3<X		6:5<		


Players: 7    Cards: 196
P0	P1	P2	P3	P4	P5	P6	
		2:194>*	3:191<				
		1:190>*	3:187<X				
7:176>	2:183<X	2:185<*					
		2:174>		4:170>*	3:167<X		
		1:162>		4:163<*			
		1:156>		5:157<*			
				8:148>*		5:143<	
				7:136>*		3:133<	
		1:124>X		8:125<*			
1:116>				7:117<*			
4:111<X				1:115<*		8:103<	
				6:97<*		5:92>	
				8:84>*		5:79<	
				5:74>*		6:68>	
				5:63<*		5:58>	
				3:55<*		5:50>X	
				#50#X			


Players: 4    Cards: 76
P0	P1	P2	P3	
2:74>*	5:69<			
4:65<*	4:55<	2:59<	4:61<X	
6:49<X	5:41<	3:46>*		
	4:36>X	1:40>*		
		#36#		


Players: 8    Cards: 110
P0	P1	P2	P3	P4	P5	P6	P7	
	8:102>X	2:100>*	3:97<X					
2:87<*		8:89<					5:82>	
5:77<					1:62>	6:63<*	8:69<	
					1:60>	1:61<*		
8:36>*		7:29<			7:48>X	5:55<X	4:44>	
3:26>		6:20>*		6:14>X			5:9<	
		7:2>					2:0#	


Players: 6    Cards: 193
P0	P1	P2	P3	P4	P5	
8:178>*	1:177<			5:188>	2:186>	
5:172>*	8:164>	4:160>	4:156>X	6:150>	8:142>X	
3:139<*				1:138>		
1:137<		7:124>		6:131<*		
7:111<				6:118>*		
		7:102>		2:109<*		
1:86>	8:87<X	6:95<*		1:101<		
2:79<		5:81<*		2:77<		
4:65<*		8:69<		7:58>X		
6:52>*		8:44>				
3:41<*		4:37<				
7:30>*		1:29<X				
#29#						


Players: 6    Cards: 23
P0	P1	P2	P3	P4	P5	
1:16>	6:17<*					
	4:12>*	7:5<				
	1:4>X	4:0#				


Players: 6    Cards: 126
P0	P1	P2	P3	P4	P5	
7:119<				5:110>X	4:115<*	
	5:88>	6:93<*	6:99<X		5:105<X	
	7:74>	7:81<*				
3:69<		2:72>*				
2:60>	2:58>X	7:62>*				
4:50>		4:54>*				
#46#		4:46>X				


Players: 5    Cards: 27
P0	P1	P2	P3	P4	
8:19<*				7:12>	
3:9<*				7:2>	
2:0#					


Players: 2    Cards: 62
P0	P1	
3:59<*	6:53<	
3:50>*	1:49<X	
#49#		


Players: 9    Cards: 161
P0	P1	P2	P3	P4	P5	P6	P7	P8	
7:143<X							3:158>	8:150>*	
	5:137<							1:142>*	
	3:133<							1:136>*	
							3:124>	6:127<*	
			1:104>X	4:105<*	6:109<X	2:115<	6:117<	1:123<	
		1:100>		3:101<*					
		3:86>		4:96>X		7:89<*			
						8:78>*	7:71<		
	7:56>	2:63<X				6:65<*			
	8:41<					7:49<*	4:33<	4:37<	
	2:29<*					2:31<		7:22>	
	8:14>*					7:7<			
	2:5<*							1:4>X	
	4:0#								


Players: 5    Cards: 165
P0	P1	P2	P3	P4	
7:155<*	4:139<	8:143<	4:151<X	3:162>X	
4:135<*	4:129<	2:133<X			
1:128>*	5:123<				
8:115<*	8:107<X				
#107#					


Players: 2    Cards: 55
P0	P1	
3:52>X	#52#	


Players: 5    Cards: 181
P0	P1	P2	P3	P4	
1:180>*	1:179<X				
8:171<*				1:170>	
8:162>X		3:159<*	8:145<	6:153<	
		6:139<X	2:135<	2:137<*	
			#129#	6:129<X	


Players: 9    Cards: 37
P0	P1	P2	P3	P4	P5	P6	P7	P8	
	5:32>*	7:25<							
1:22>*	2:23<X	1:21<							
8:13<							7:2>	4:9<*	
								2:0#	


Players: 9    Cards: 106
P0	P1	P2	P3	P4	P5	P6	P7	P8	
			2:104>*	7:97<					
	5:78>	8:83<*	6:91<						
		8:70>*	3:67<X						
	1:60>	6:61<*							
	1:58>	1:59<X		2:56>*	5:51<				
	5:38>			8:43<*					
7:28>X	2:35<*			1:37<					
	6:22>*			1:21<					
	6:15<*							7:8>X	
	1:7<						7:0#		


Players: 8    Cards: 83
P0	P1	P2	P3	P4	P5	P6	P7	
5:63<					1:82>	8:74>	6:68>*	
3:53<							7:56>*	
5:45<X							3:50>*	
	7:25<					7:32>*	6:39<X	
		1:2>	2:3<X	8:5<*	8:13<	4:21<X		
				2:0#				


Players: 8    Cards: 54
P0	P1	P2	P3	P4	P5	P6	P7	
7:41<							6:48>*	
					3:22>X	8:25<*	8:33<	
			7:8>X	4:15<*		3:19<		
				6:2>		2:0#		


Players: 3    Cards: 172
P0	P1	P2	
7:152>	6:159<X	7:165<*	
4:142>		6:146>*	
5:135<X		2:140>*	
		#135#X	


Players: 9    Cards: 117
P0	P1	P2	P3	P4	P5	P6	P7	P8	
3:103<							7:110>*	4:106>X	
6:90>*	6:84>X	7:77<					7:96>		
6:71<*							5:66>		
6:60>*		5:55<X							
6:49<X					3:38>	4:41<X	4:45<*		
					3:28>		7:31<*		
			4:22>*	7:15<			2:26>		
			7:8>X	6:2>	2:0#				


Players: 3    Cards: 102
P0	P1	P2	
4:98>*	3:95<		
8:87<X	8:76>	3:84>*	
	2:69<	5:71<*	
	3:58>	8:61<*	
	7:44>	7:51<*	
	8:35<	1:43<*	
	#32#	3:32>X	


Players: 3    Cards: 16
P0	P1	P2	
2:8>X	4:12>*	2:10>	
	4:4>	4:0#	


Players: 7    Cards: 24
P0	P1	P2	P3	P4	P5	P6	
3:19<						2:22>*	
				5:6>	2:11<*	6:13<	
				1:4>X	1:5<*		
					4:0#		
