4 6 15196 5
E2 4 1
E2 1 2
E2 3 1
E2 1 1
E1 1 0
E2 1 1
E2 1 1
E2 1 1
E1 1 0
E2 2 2
E2 1 1
E2 1 3
E2 1 1
E2 1 1
4
4 6 15196 5
E2 1 1
E2 1 1
E2 1 4
E2 1 5
E2 1 1
E2 2 1
E2 2 1
E1 1 0
E2 1 2
E2 1 1
E2 1 1
E2 1 2
E2 1 4
E2 1 2
E2 4 5
E2 1 1
2
a list 2096514897
a list 1340543971
a list 344138133
a list 622127457
a list 1459541390
a list 1853589462
a list 2074391839
a list 107232344
a list 1514268627
a list 1272170549
a list 1516793429
a list 1905511378
a list 1567427567
a list 1668245310
a list 1764130507
a list 1833436774
a list 1796608738
a list 1782468023
a list 989669061
a list 169087604
a list 2126606156
a list 1628628994
a list 1832711970
a list 1228324121
a list 285977567
a list 1463739441
a list 1570622871
a list 1390647632
a list 1885860839
a list 50555159
a list 1179825276
a list 1993093183
a list 1004914101
a list 1117780085
a list 934133567
a list 762941831
a list 537724004
a list 154518657
a list 275206077
a list 1891922440
a list 1526906816
a list 1999449968
a list 1506029324
a list 2021756187
a list 1191257647
a list 1102596660
a list 1766572881
a list 507513440
a list 525735884
a list 930502701
a list 1935416803
a list 1227502696
a list 550874986
a list 1765226700
a list 51442493
a list 826081064
a list 1970091658
a list 439509379
a list 1568151159
b list 1973441640
b list 165191464
b list 32478231
b list 731228163
b list 99637203
b list 1764011250
b list 804832221
b list 1778511119
b list 342298750
b list 1737311819
b list 315237968
b list 174749421
b list 1936661292
b list 1972572473
b list 1367868738
b list 1659747894
b list 1485705886
b list 69450401
b list 1611796518
b list 2023289386
b list 1564823786
b list 58485666
b list 1918649165
b list 1760911963
b list 1567774255
b list 1830362364
b list 409959669
b list 1480595314
b list 1642378619
b list 1898161073
b list 264113075
b list 1692933778
b list 109722611
b list 1110273916
b list 2044407484
b list 1823712367
95
-1
-1
