4 6 62881 5
E2 1 1
E2 1 1
E1 1 0
E2 1 2
E2 1 3
E2 3 2
E2 1 1
E2 1 1
E1 1 0
E1 1 0
E2 3 1
E2 3 2
E2 1 1
E2 1 1
E1 1 0
E2 1 4
E1 1 0
E1 1 0
E2 3 1
E2 1 1
E1 1 0
E2 1 1
E2 1 1
E1 1 0
E2 1 1
E2 1 1
E2 1 2
E1 1 0
E2 1 2
E2 1 1
2
4 6 62881 5
E2 2 1
E2 1 1
E2 1 3
E1 1 0
E2 2 1
E2 1 7
E2 3 3
E2 1 1
E2 1 1
E2 1 1
E2 1 2
E2 1 1
E2 1 2
E2 2 1
E1 1 0
E2 1 1
E2 1 1
0
a list 297553118
a list 311275351
a list 1924633971
a list 813764850
a list 804459874
a list 1966818432
a list 443892021
a list 1902776050
a list 2088001049
a list 647369287
a list 700429614
a list 916321082
a list 1289634433
a list 374289682
a list 405924635
a list 361093964
a list 905101207
a list 551950139
a list 1323083361
a list 849503257
a list 649513558
a list 947208010
a list 219229036
a list 2123175424
a list 663121058
a list 1603452180
a list 1326022601
a list 603638459
a list 417028325
a list 1706662758
a list 188836076
a list 1619749219
a list 1447042544
a list 24215710
a list 1785280751
a list 973996
a list 873718967
a list 948182006
a list 1500372548
a list 1750589069
a list 552366243
a list 1969818106
a list 528058019
a list 1369607463
a list 485455516
a list 2131510199
a list 548146417
a list 1949349329
a list 1956989475
a list 443296488
a list 161225639
a list 986599922
a list 1634666687
a list 987573918
a list 360902006
a list 1815446797
a list 1935755924
a list 1418552218
a list 340638519
a list 1660151819
a list 1240886676
a list 868696539
a list 882275634
a list 852723090
a list 1430422051
a list 667952519
a list 940087461
a list 1695167180
a list 655271806
a list 521727261
a list 229456986
a list 470409550
a list 447839246
a list 631635190
a list 2058290223
a list 1618235112
a list 1545473262
a list 458325382
a list 1906375268
a list 1713484247
a list 246597658
a list 1132834346
a list 77955846
a list 161172159
a list 324766910
a list 1101259620
a list 845731916
a list 1622986882
a list 1075188902
a list 1885015450
a list 29749994
a list 1098650861
a list 996688311
a list 2106310488
a list 562688910
a list 205424499
a list 1558220133
a list 1625197574
a list 1425846465
a list 1282011964
a list 262281905
a list 576411201
a list 1422143117
a list 439333943
a list 349848371
a list 1876510147
b list 544007243
b list 1268520644
b list 1672469971
b list 417982154
b list 1771608297
b list 903434276
b list 371507540
b list 1124741834
b list 1627760403
b list 538059758
b list 442070501
b list 1538421259
b list 733590596
b list 1430913142
b list 813251883
b list 338238206
b list 626653580
b list 1463278408
b list 1751667884
b list 445988364
b list 1570730199
b list 103337819
b list 1864082359
b list 1045708960
b list 1641759078
b list 1962030042
b list 227866026
b list 633790661
b list 2067756723
b list 825374282
b list 287310661
b list 1946360912
b list 1089093975
b list 87364370
b list 264745128
b list 2134802935
b list 1729123448
b list 681773454
b list 240952564
b list 2138185406
b list 1610450977
b list 1890339033
b list 1528136136
b list 1861274554
b list 1726342192
b list 457137488
b list 331233088
b list 774529577
b list 517384962
b list 2045521098
b list 1620166175
b list 984552817
b list 587236178
b list 1455932717
b list 2015109980
b list 1804298038
b list 1298048384
b list 980038716
b list 1437176204
b list 1954219970
b list 1545598452
b list 581265899
b list 1795822025
b list 1647985106
b list 1193811639
b list 952703260
b list 425385787
b list 1547241728
b list 792660677
b list 101109746
b list 1606778874
b list 1363541526
b list 839044760
179
-1
-1
