4 6 14876 5
E2 3 1
E2 1 1
E1 1 0
E2 1 1
E2 1 1
E2 1 1
E2 3 1
E2 1 2
E2 2 1
E1 1 0
E2 1 1
E2 2 1
E1 1 0
E2 3 4
E2 1 1
E1 1 0
E1 1 0
E2 1 1
E2 1 1
E2 2 5
E1 1 0
E2 1 1
E2 1 1
E2 1 1
E2 2 1
E1 1 0
1
4 6 14876 5
E2 2 1
E2 1 1
E2 1 2
E2 1 3
E2 3 1
E2 2 1
E2 2 2
E2 2 3
E1 1 0
E2 2 1
E2 3 1
E2 1 1
E1 1 0
E2 1 1
E1 1 0
E2 1 1
E2 1 1
E2 1 1
E2 1 1
E1 1 0
E2 2 2
E2 1 1
E2 1 2
E2 1 1
E2 3 1
E1 1 0
7
a list 985997547
a list 37016470
a list 63164374
a list 966601110
a list 545705537
a list 1539832599
a list 1804280027
a list 201068814
a list 816205650
a list 2124557641
a list 1462098459
a list 180857851
a list 20376335
a list 1324164886
a list 753983443
a list 1719641688
a list 1594568458
a list 1657732833
a list 758279993
a list 603214208
a list 1724881103
a list 288374155
a list 254835824
a list 2092654182
a list 405529726
a list 146239348
a list 1221735376
a list 124332496
a list 123313341
a list 1606807290
a list 1382075299
a list 2136058742
a list 1095916052
a list 535850857
a list 668074092
a list 1850381710
a list 952607643
a list 1455820539
a list 1826595019
a list 1612973194
a list 1972834367
a list 687224922
a list 5997916
a list 2096147709
a list 1082650933
a list 375527390
a list 317242585
a list 1835241043
a list 2103765560
a list 1079816835
a list 841668537
a list 120870873
a list 1692751064
a list 1001087955
a list 1654245233
a list 1426654901
a list 1333356604
a list 1308320321
a list 1158707323
a list 1314318237
a list 359781255
a list 2110476934
b list 505895016
b list 1913335625
b list 1431889672
b list 1940775968
b list 1256047753
b list 1610149578
b list 173987759
b list 707844648
b list 1092965023
b list 1799105264
b list 150693901
b list 486352067
b list 668234023
b list 679470580
b list 1010673531
b list 248088427
b list 697741958
b list 463593935
b list 608570911
b list 547275763
b list 584292233
b list 1182307618
b list 1890152266
b list 1117230054
b list 1603582121
b list 1901205956
b list 1586430955
b list 1133986872
b list 2082063807
b list 632322117
b list 783488529
b list 1392059440
b list 839144250
b list 1120143091
b list 349393435
b list 1878423084
b list 1593050329
b list 1881424484
b list 1207443468
b list 425566946
b list 2029149067
b list 440947231
b list 1592428871
b list 1051752514
b list 1007849508
b list 305817679
b list 624356005
b list 1918961085
b list 1961811628
b list 327254067
b list 1920304396
b list 1073478516
b list 133438336
b list 1746411530
b list 286152805
b list 1107371384
b list 727100036
b list 759263460
b list 42538670
b list 1102627426
b list 1811015974
123
-1
-1
