4 6 64657 5
E2 3 1
E2 4 1
E2 2 1
E1 1 0
E2 3 1
E2 1 3
E1 1 0
E1 1 0
E2 1 2
E2 1 1
E1 1 0
E2 1 1
E2 1 2
E1 1 0
E2 3 1
0
4 6 64657 5
E2 3 1
E2 4 1
E2 2 1
E1 1 0
E2 3 1
E2 1 3
E1 1 0
E1 1 0
E2 1 2
E2 1 1
E1 1 0
E2 1 1
E2 1 2
E1 1 0
E2 3 1
0
a list 2027398051
a list 1625876887
a list 1018522115
a list 1961406901
a list 2120316766
a list 717972038
a list 1236928208
a list 542355693
a list 1380714823
a list 1323847514
a list 1105396764
a list 666289143
a list 1599917967
a list 448502218
a list 723036183
a list 954461072
a list 769867189
a list 1333238409
a list 324817418
a list 1787917184
a list 321530223
a list 1486661159
a list 853782167
a list 1947407110
a list 1988648141
a list 1872304283
a list 1761330363
a list 1961481259
a list 1222016620
a list 1065612574
a list 1835622552
a list 1561225701
a list 1311604810
a list 1675473844
a list 764039129
a list 2123976062
a list 1487075312
a list 930953486
a list 1685525980
a list 672830073
a list 1577301128
a list 665137027
a list 506301520
a list 77816992
a list 320299132
a list 520609665
a list 1114789343
a list 1885368246
a list 304151599
a list 1430765190
a list 295267960
a list 463231461
b list 505958854
b list 1532483960
b list 610202225
b list 1517839994
b list 1018049995
b list 1788113003
b list 2144196453
b list 1846227623
b list 501986982
b list 214837650
b list 980492599
b list 779223947
b list 613605931
b list 495613127
b list 1897862757
b list 1384866877
b list 973867764
b list 442792673
b list 1976168014
b list 794490211
b list 1336845904
b list 570077079
b list 1011986418
b list 1678275562
b list 915658791
b list 1255770905
b list 1325959516
b list 1646697837
b list 352996357
b list 1377224591
b list 991071306
b list 819755672
b list 1742626286
b list 1299110299
b list 874228679
b list 402218875
88
51
35
