4 6 7956 5
p1 4 6
p8 4 6
p9 4 6
p1 4 5
p8 4 5
p9 4 5
p1 4 4
p8 4 4
p9 4 4
p1 4 3
p8 4 3
p9 4 3
p1 4 2
p8 4 2
p9 4 2
p1 4 1
p8 4 1
p9 4 1
p1 4 0
p3 4 0
p10 4 1
E2 4 1
p11 4 1
p12 4 1
p1 3 0
p3 3 0
p4 3 0
p5 3 0
p1 2 1
p8 2 1
p9 2 1
p1 2 0
p3 2 0
p4 2 0
p5 2 0
p1 1 1
p8 1 1
p9 1 1
p1 1 0
p3 1 0
p4 1 0
p5 1 0
p1 0 1
p2 0 1
p1 0 2
p2 0 2
p1 1 3
p8 1 3
p9 1 3
p1 1 2
p8 1 2
p9 1 2
p1 1 1
p8 1 1
p9 1 1
p1 1 0
p3 1 0
p4 1 0
p5 1 0
p1 0 1
p2 0 1
p6 1 0
E1 1 0
p7 1 0
p12 1 0
p1 0 0
p2 0 0
p1 0 1
p2 0 1
p10 1 2
E2 1 2
p11 1 2
p12 1 2
p1 0 0
p2 0 0
p1 3 1
p8 3 1
p9 3 1
p1 3 0
p3 3 0
p10 3 1
E2 3 1
p11 3 1
p12 3 1
p1 3 0
p3 3 0
p4 3 0
p5 3 0
p1 2 1
p8 2 1
p9 2 1
p1 2 0
p3 2 0
p4 2 0
p5 2 0
p1 1 1
p8 1 1
p9 1 1
p1 1 0
p3 1 0
p10 1 1
E2 1 1
p11 1 1
p12 1 1
p1 1 0
p3 1 0
p4 1 0
p5 1 0
p1 0 1
p2 0 1
p6 1 0
E1 1 0
p7 1 0
p12 1 0
p1 3 0
p3 3 0
p4 3 0
p5 3 0
p1 2 1
p8 2 1
p9 2 1
p1 2 0
p3 2 0
p10 2 1
E2 2 1
p11 2 1
p12 2 1
p1 3 0
p3 3 0
p4 3 0
p5 3 0
p1 2 1
p8 2 1
p9 2 1
p1 2 0
p3 2 0
p4 2 0
p5 2 0
p1 1 1
p8 1 1
p9 1 1
p1 1 0
p3 1 0
p4 1 0
p5 1 0
p1 0 1
p2 0 1
p1 0 2
p2 0 2
p10 1 1
E2 1 1
p11 1 1
p12 1 1
p1 1 0
p3 1 0
p10 2 1
E2 2 1
p11 2 1
p12 2 1
0
4 6 7956 5
p1 4 6
p8 4 6
p9 4 6
p1 4 5
p8 4 5
p9 4 5
p1 4 4
p8 4 4
p9 4 4
p1 4 3
p8 4 3
p9 4 3
p1 4 2
p8 4 2
p9 4 2
p1 4 1
p8 4 1
p9 4 1
p1 4 0
p3 4 0
p10 4 1
E2 4 1
p11 4 1
p12 4 1
p1 3 0
p3 3 0
p4 3 0
p5 3 0
p1 2 1
p8 2 1
p9 2 1
p1 2 0
p3 2 0
p4 2 0
p5 2 0
p1 1 1
p8 1 1
p9 1 1
p1 1 0
p3 1 0
p4 1 0
p5 1 0
p1 0 1
p2 0 1
p1 0 2
p2 0 2
p1 1 3
p8 1 3
p9 1 3
p1 1 2
p8 1 2
p9 1 2
p1 1 1
p8 1 1
p9 1 1
p1 1 0
p3 1 0
p4 1 0
p5 1 0
p1 0 1
p2 0 1
p6 1 0
E1 1 0
p7 1 0
p12 1 0
p1 0 0
p2 0 0
p1 0 1
p2 0 1
p10 0 1
E2 0 1
p11 0 1
p12 0 1
p1 0 0
p2 0 0
p1 3 1
p8 3 1
p9 3 1
p1 3 0
p3 3 0
p10 3 1
E2 3 1
p11 3 1
p12 3 1
p1 3 0
p3 3 0
p4 3 0
p5 3 0
p1 2 1
p8 2 1
p9 2 1
p1 2 0
p3 2 0
p4 2 0
p5 2 0
p1 1 1
p8 1 1
p9 1 1
p1 1 0
p3 1 0
p10 1 1
E2 1 1
p11 1 1
p12 1 1
p1 1 0
p3 1 0
p4 1 0
p5 1 0
p1 0 1
p2 0 1
p6 1 0
E1 1 0
p7 1 0
p12 1 0
p1 3 0
p3 3 0
p4 3 0
p5 3 0
p1 2 1
p8 2 1
p9 2 1
p1 2 0
p3 2 0
p10 2 1
E2 2 1
p11 2 1
p12 2 1
p1 3 0
p3 3 0
p4 3 0
p5 3 0
p1 2 1
p8 2 1
p9 2 1
p1 2 0
p3 2 0
p4 2 0
p5 2 0
p1 1 1
p8 1 1
p9 1 1
p1 1 0
p3 1 0
p4 1 0
p5 1 0
p1 0 1
p2 0 1
p1 0 2
p2 0 2
p6 0 2
E1 0 2
p7 0 2
p12 0 2
p1 1 0
p3 1 0
p6 0 2
E1 0 2
p7 0 2
p12 0 2
