4 6 39652 5
p1 4 6
p8 4 6
p9 4 6
p1 4 5
p8 4 5
p9 4 5
p1 4 4
p8 4 4
p9 4 4
p1 4 3
p8 4 3
p9 4 3
p1 4 2
p8 4 2
p9 4 2
p1 4 1
p8 4 1
p9 4 1
p1 4 0
p3 4 0
value b: 974934962
did not throw b 4 0
p4 4 0
p5 4 0
p1 3 1
p8 3 1
p9 3 1
p1 3 0
p3 3 0
value b: 554983222
did not throw b 3 0
p4 3 0
p5 3 0
p1 2 1
p8 2 1
p9 2 1
p1 2 0
p3 2 0
value b: 158970809
did not throw b 2 0
p4 2 0
p5 2 0
p1 1 1
p8 1 1
p9 1 1
p1 1 0
p3 1 0
value b: 1945973361
did not throw b 1 0
p4 1 0
p5 1 0
p1 0 1
p2 0 1
value a: 187333867
a did not throw 
p1 0 2
p2 0 2
value a: 1317775100
p10 1 1
E2 1 1
p11 1 1
p12 1 1
p1 1 0
p3 1 0
value b: 1448865177
did not throw b 1 0
p4 1 0
p5 1 0
p1 0 1
p2 0 1
value a: 599991675
p6 1 0
E1 1 0
p7 1 0
p12 1 0
p1 2 0
p3 2 0
value b: 1095445140
p10 3 1
E2 3 1
p11 3 1
p12 3 1
p1 3 0
p3 3 0
value b: 1026635995
p10 4 1
E2 4 1
p11 4 1
p12 4 1
p1 3 0
p3 3 0
value b: 973663286
did not throw b 3 0
p4 3 0
p5 3 0
p1 2 1
p8 2 1
p9 2 1
p1 2 0
p3 2 0
value b: 2054005862
did not throw b 2 0
p4 2 0
p5 2 0
p1 1 1
p8 1 1
p9 1 1
p1 1 0
p3 1 0
value b: 1043058126
did not throw b 1 0
p4 1 0
p5 1 0
p1 0 1
p2 0 1
value a: 1500980180
p6 1 0
E1 1 0
p7 1 0
p12 1 0
p1 0 0
p2 0 0
value a: 1716760015
p10 1 1
E2 1 1
p11 1 1
p12 1 1
p1 1 0
p3 1 0
value b: 1146607483
did not throw b 1 0
p4 1 0
p5 1 0
p1 0 1
p2 0 1
value a: 1848140178
a did not throw 
p1 3 2
p8 3 2
p9 3 2
p1 3 1
p8 3 1
p9 3 1
p1 3 0
p3 3 0
value b: 1525246950
p10 3 1
E2 3 1
p11 3 1
p12 3 1
p1 2 0
p3 2 0
value b: 1130473715
p10 3 2
E2 3 2
p11 3 2
p12 3 2
p1 3 0
p3 3 0
value b: 854365970
p10 4 4
E2 4 4
p11 4 4
p12 4 4
p1 3 0
p3 3 0
value b: 1181924713
did not throw b 3 0
p4 3 0
p5 3 0
p1 2 1
p8 2 1
p9 2 1
p1 2 0
p3 2 0
value b: 388465073
did not throw b 2 0
p4 2 0
p5 2 0
p1 1 1
p8 1 1
p9 1 1
p1 1 0
p3 1 0
value b: 1284960962
did not throw b 1 0
p4 1 0
p5 1 0
p1 0 1
p2 0 1
value a: 487230670
p6 1 0
E1 1 0
p7 1 0
p12 1 0
p1 0 0
p2 0 0
value a: 1039145735
p10 1 1
E2 1 1
p11 1 1
p12 1 1
p1 1 0
p3 1 0
value b: 248425786
did not throw b 1 0
p4 1 0
p5 1 0
p1 0 1
p2 0 1
value a: 2006243241
a did not throw 
p1 3 2
p8 3 2
p9 3 2
p1 3 1
p8 3 1
p9 3 1
p1 3 0
p3 3 0
value b: 2103962667
did not throw b 3 0
p4 3 0
p5 3 0
p1 2 1
p8 2 1
p9 2 1
p1 2 0
p3 2 0
value b: 152296584
did not throw b 2 0
p4 2 0
p5 2 0
p1 1 1
p8 1 1
p9 1 1
p1 1 0
p3 1 0
value b: 660719158
did not throw b 1 0
p4 1 0
p5 1 0
p1 0 1
p2 0 1
value a: 380957900
p6 1 0
E1 1 0
p7 1 0
p12 1 0
p1 0 0
p2 0 0
value a: 1127231546
a did not throw 
p1 1 1
p8 1 1
p9 1 1
p1 1 0
p3 1 0
value b: 1215702380
p10 1 1
E2 1 1
p11 1 1
p12 1 1
p1 2 0
p3 2 0
value b: 539928709
did not throw b 2 0
p4 2 0
p5 2 0
p1 1 1
p8 1 1
p9 1 1
p1 1 0
p3 1 0
value b: 925721259
did not throw b 1 0
p4 1 0
p5 1 0
p1 0 1
p2 0 1
value a: 1403036247
a did not throw 
p1 0 2
p2 0 2
value a: 1857703810
p10 1 1
E2 1 1
p11 1 1
p12 1 1
p1 2 0
p3 2 0
value b: 227102789
did not throw b 2 0
p4 2 0
p5 2 0
p1 1 1
p8 1 1
p9 1 1
p1 1 0
p3 1 0
value b: 2003027922
did not throw b 1 0
p4 1 0
p5 1 0
p1 0 1
p2 0 1
value a: 805665302
a did not throw 
p1 0 2
p2 0 2
value a: 1253738784
a did not throw 
3
4 6 39652 5
p1 4 6
p8 4 6
p9 4 6
p1 4 5
p8 4 5
p9 4 5
p1 4 4
p8 4 4
p9 4 4
p1 4 3
p8 4 3
p9 4 3
p1 4 2
p8 4 2
p9 4 2
p1 4 1
p8 4 1
p9 4 1
p1 4 0
p3 4 0
p4 4 0
p5 4 0
p1 3 1
p8 3 1
p9 3 1
p1 3 0
p3 3 0
p4 3 0
p5 3 0
p1 2 1
p8 2 1
p9 2 1
p1 2 0
p3 2 0
p4 2 0
p5 2 0
p1 1 1
p8 1 1
p9 1 1
p1 1 0
p3 1 0
p4 1 0
p5 1 0
p1 0 1
p2 0 1
p1 0 2
p2 0 2
p6 0 2
E1 0 2
p7 0 2
p12 0 2
p1 1 0
p3 1 0
p4 1 0
p5 1 0
p1 0 1
p2 0 1
p6 1 0
E1 1 0
p7 1 0
p12 1 0
p1 2 0
p3 2 0
p6 139995209462836 1
E1 139995209462836 1
p7 139995209462836 1
p12 139995209462836 1
